<?xml version="1.0" encoding="UTF-8"?>
<!-- Generated by org.testng.reporters.JUnitReportReporter -->
<testsuite hostname="IN-J7W0BK3" failures="0" tests="1" name="Test_Cases.Getting_Token" time="3.165" errors="0" timestamp="21 Aug 2023 06:27:05 GMT" skipped="0">
  <testcase classname="Test_Cases.Getting_Token" name="create_Token" time="3.165"/>
</testsuite> <!-- Test_Cases.Getting_Token -->
