<?xml version="1.0" encoding="UTF-8"?>
<!-- Generated by org.testng.reporters.JUnitReportReporter -->
<testsuite hostname="IN-J7W0BK3" failures="0" tests="1" name="Test_Cases.Test3_Get_Booking" time="1.518" errors="0" timestamp="23 Aug 2023 05:20:56 GMT" skipped="0">
  <testcase classname="Test_Cases.Test3_Get_Booking" name="Get_Booking" time="1.518"/>
</testsuite> <!-- Test_Cases.Test3_Get_Booking -->
