<?xml version="1.0" encoding="UTF-8"?>
<!-- Generated by org.testng.reporters.JUnitReportReporter -->
<testsuite hostname="IN-J7W0BK3" failures="0" tests="1" name="Test_Cases.Get_Booking_IDs" time="3.009" errors="0" timestamp="21 Aug 2023 06:35:15 GMT" skipped="0">
  <testcase classname="Test_Cases.Get_Booking_IDs" name="getBookingIds" time="3.009"/>
</testsuite> <!-- Test_Cases.Get_Booking_IDs -->
